app/build/outputs/logs/manifest-merger-debug-report.txt
-- Merging decision tree log ---
manifest
ADDED from src\main\AndroidManifest.xml:1:1-35:12
INJECTED from src\main\AndroidManifest.xml:1:1-35:12
INJECTED from src\main\AndroidManifest.xml:1:1-35:12
INJECTED from src\main\AndroidManifest.xml:1:1-35:12
INJECTED from src\main\AndroidManifest.xml:1:1-35:12
INJECTED from src\main\AndroidManifest.xml:1:1-35:12
INJECTED from src\main\AndroidManifest.xml:1:1-35:12
	package
		ADDED from src\main\AndroidManifest.xml:4:2-52
		INJECTED from src\main\AndroidManifest.xml
		INJECTED from src\main\AndroidManifest.xml
	android:versionName
		INJECTED from src\main\AndroidManifest.xml
		ADDED from src\main\AndroidManifest.xml:1:1-35:12
		INJECTED from src\main\AndroidManifest.xml
	xmlns:tools
		ADDED from src\main\AndroidManifest.xml:3:2-48
	android:versionCode
		INJECTED from src\main\AndroidManifest.xml
		ADDED from src\main\AndroidManifest.xml:1:1-35:12
		INJECTED from src\main\AndroidManifest.xml
	xmlns:android
		ADDED from src\main\AndroidManifest.xml:2:2-60
uses-permission#android.permission.READ_EXTERNAL_STORAGE
ADDED from src\main\AndroidManifest.xml:5:2-76
	android:name
		ADDED from src\main\AndroidManifest.xml:5:19-74
uses-permission#android.permission.WRITE_EXTERNAL_STORAGE
ADDED from src\main\AndroidManifest.xml:6:2-77
	android:name
		ADDED from src\main\AndroidManifest.xml:6:19-75
application
ADDED from src\main\AndroidManifest.xml:7:2-34:16
	android:requestLegacyExternalStorage
		ADDED from src\main\AndroidManifest.xml:8:3-46
	android:label
		ADDED from src\main\AndroidManifest.xml:10:3-32
	tools:ignore
		ADDED from src\main\AndroidManifest.xml:14:3-27
	tools:targetApi
		ADDED from src\main\AndroidManifest.xml:15:3-22
	android:largeHeap
		ADDED from src\main\AndroidManifest.xml:12:3-27
	android:icon
		ADDED from src\main\AndroidManifest.xml:11:3-36
	android:allowBackup
		ADDED from src\main\AndroidManifest.xml:9:3-29
	android:theme
		ADDED from src\main\AndroidManifest.xml:13:3-34
activity#com.batchrename.bulkmultiplefile.renamer.MainActivity
ADDED from src\main\AndroidManifest.xml:17:3-25:14
	android:screenOrientation
		ADDED from src\main\AndroidManifest.xml:20:4-40
	android:configChanges
		ADDED from src\main\AndroidManifest.xml:19:4-50
	android:name
		ADDED from src\main\AndroidManifest.xml:18:4-32
intent-filter#action:name:android.intent.action.MAIN+category:name:android.intent.category.LAUNCHER
ADDED from src\main\AndroidManifest.xml:21:4-24:20
action#android.intent.action.MAIN
ADDED from src\main\AndroidManifest.xml:22:5-56
	android:name
		ADDED from src\main\AndroidManifest.xml:22:13-54
category#android.intent.category.LAUNCHER
ADDED from src\main\AndroidManifest.xml:23:5-64
	android:name
		ADDED from src\main\AndroidManifest.xml:23:15-62
activity#com.batchrename.bulkmultiplefile.renamer.PickerActivity
ADDED from src\main\AndroidManifest.xml:26:3-29:42
	android:screenOrientation
		ADDED from src\main\AndroidManifest.xml:29:4-40
	android:configChanges
		ADDED from src\main\AndroidManifest.xml:28:4-50
	android:name
		ADDED from src\main\AndroidManifest.xml:27:4-34
uses-library#org.apache.http.legacy
ADDED from src\main\AndroidManifest.xml:30:3-32:30
	android:required
		ADDED from src\main\AndroidManifest.xml:32:4-28
	android:name
		ADDED from src\main\AndroidManifest.xml:31:4-41
uses-sdk
INJECTED from src\main\AndroidManifest.xml reason: use-sdk injection requested
INJECTED from src\main\AndroidManifest.xml
INJECTED from src\main\AndroidManifest.xml
INJECTED from src\main\AndroidManifest.xml
INJECTED from src\main\AndroidManifest.xml
	android:targetSdkVersion
		INJECTED from src\main\AndroidManifest.xml
		ADDED from src\main\AndroidManifest.xml
		INJECTED from src\main\AndroidManifest.xml
	android:minSdkVersion
		INJECTED from src\main\AndroidManifest.xml
		ADDED from src\main\AndroidManifest.xml
		INJECTED from src\main\AndroidManifest.xml